mode: set
github.com/4udiwe/musicshop/internal/service/albums/service.go:15.52,19.2 1 1
github.com/4udiwe/musicshop/internal/service/albums/service.go:21.78,23.16 2 1
github.com/4udiwe/musicshop/internal/service/albums/service.go:23.16,24.49 1 1
github.com/4udiwe/musicshop/internal/service/albums/service.go:24.49,26.4 1 1
github.com/4udiwe/musicshop/internal/service/albums/service.go:27.3,27.33 1 1
github.com/4udiwe/musicshop/internal/service/albums/service.go:29.2,29.16 1 1
github.com/4udiwe/musicshop/internal/service/albums/service.go:32.72,34.16 2 1
github.com/4udiwe/musicshop/internal/service/albums/service.go:34.16,36.3 1 1
github.com/4udiwe/musicshop/internal/service/albums/service.go:38.2,38.20 1 1
github.com/4udiwe/musicshop/internal/service/albums/service.go:41.81,43.16 2 1
github.com/4udiwe/musicshop/internal/service/albums/service.go:43.16,44.44 1 1
github.com/4udiwe/musicshop/internal/service/albums/service.go:44.44,46.4 1 1
github.com/4udiwe/musicshop/internal/service/albums/service.go:47.3,47.41 1 1
github.com/4udiwe/musicshop/internal/service/albums/service.go:49.2,49.19 1 1
github.com/4udiwe/musicshop/internal/service/albums/service.go:52.67,53.58 1 1
github.com/4udiwe/musicshop/internal/service/albums/service.go:53.58,54.44 1 1
github.com/4udiwe/musicshop/internal/service/albums/service.go:54.44,56.4 1 1
github.com/4udiwe/musicshop/internal/service/albums/service.go:57.3,57.25 1 1
github.com/4udiwe/musicshop/internal/service/albums/service.go:59.2,59.12 1 1
github.com/4udiwe/musicshop/internal/service/genres/service.go:15.38,19.2 1 1
github.com/4udiwe/musicshop/internal/service/genres/service.go:21.82,23.16 2 1
github.com/4udiwe/musicshop/internal/service/genres/service.go:23.16,24.49 1 1
github.com/4udiwe/musicshop/internal/service/genres/service.go:24.49,26.4 1 1
github.com/4udiwe/musicshop/internal/service/genres/service.go:27.3,27.33 1 1
github.com/4udiwe/musicshop/internal/service/genres/service.go:29.2,29.16 1 1
github.com/4udiwe/musicshop/internal/service/genres/service.go:32.83,34.16 2 1
github.com/4udiwe/musicshop/internal/service/genres/service.go:34.16,36.3 1 1
github.com/4udiwe/musicshop/internal/service/genres/service.go:37.2,37.20 1 1
github.com/4udiwe/musicshop/internal/service/genres/service.go:40.73,42.16 2 1
github.com/4udiwe/musicshop/internal/service/genres/service.go:42.16,43.44 1 1
github.com/4udiwe/musicshop/internal/service/genres/service.go:43.44,45.4 1 1
github.com/4udiwe/musicshop/internal/service/genres/service.go:46.3,46.30 1 1
github.com/4udiwe/musicshop/internal/service/genres/service.go:48.2,48.12 1 1
github.com/4udiwe/musicshop/internal/service/genres/service.go:51.92,53.16 2 1
github.com/4udiwe/musicshop/internal/service/genres/service.go:53.16,55.3 1 1
github.com/4udiwe/musicshop/internal/service/genres/service.go:56.2,56.12 1 1
