mode: set
github.com/4udiwe/musicshop/internal/service/albums/service.go:22.12,28.2 1 1
github.com/4udiwe/musicshop/internal/service/albums/service.go:30.78,33.76 2 1
github.com/4udiwe/musicshop/internal/service/albums/service.go:33.76,36.17 3 1
github.com/4udiwe/musicshop/internal/service/albums/service.go:36.17,38.4 1 1
github.com/4udiwe/musicshop/internal/service/albums/service.go:39.3,39.34 1 1
github.com/4udiwe/musicshop/internal/service/albums/service.go:39.34,41.18 2 1
github.com/4udiwe/musicshop/internal/service/albums/service.go:41.18,43.5 1 1
github.com/4udiwe/musicshop/internal/service/albums/service.go:45.3,45.13 1 1
github.com/4udiwe/musicshop/internal/service/albums/service.go:49.2,49.16 1 1
github.com/4udiwe/musicshop/internal/service/albums/service.go:49.16,50.49 1 1
github.com/4udiwe/musicshop/internal/service/albums/service.go:50.49,52.4 1 1
github.com/4udiwe/musicshop/internal/service/albums/service.go:53.3,53.58 1 1
github.com/4udiwe/musicshop/internal/service/albums/service.go:53.58,55.4 1 1
github.com/4udiwe/musicshop/internal/service/albums/service.go:56.3,56.33 1 1
github.com/4udiwe/musicshop/internal/service/albums/service.go:59.2,59.16 1 1
github.com/4udiwe/musicshop/internal/service/albums/service.go:62.72,64.16 2 1
github.com/4udiwe/musicshop/internal/service/albums/service.go:64.16,66.3 1 1
github.com/4udiwe/musicshop/internal/service/albums/service.go:68.2,68.20 1 1
github.com/4udiwe/musicshop/internal/service/albums/service.go:71.81,73.16 2 1
github.com/4udiwe/musicshop/internal/service/albums/service.go:73.16,74.44 1 1
github.com/4udiwe/musicshop/internal/service/albums/service.go:74.44,76.4 1 1
github.com/4udiwe/musicshop/internal/service/albums/service.go:77.3,77.41 1 1
github.com/4udiwe/musicshop/internal/service/albums/service.go:79.2,79.19 1 1
github.com/4udiwe/musicshop/internal/service/albums/service.go:82.67,83.58 1 1
github.com/4udiwe/musicshop/internal/service/albums/service.go:83.58,84.44 1 1
github.com/4udiwe/musicshop/internal/service/albums/service.go:84.44,86.4 1 1
github.com/4udiwe/musicshop/internal/service/albums/service.go:87.3,87.25 1 1
github.com/4udiwe/musicshop/internal/service/albums/service.go:89.2,89.12 1 1
github.com/4udiwe/musicshop/internal/service/genres/service.go:17.63,22.2 1 1
github.com/4udiwe/musicshop/internal/service/genres/service.go:24.82,26.16 2 1
github.com/4udiwe/musicshop/internal/service/genres/service.go:26.16,27.49 1 1
github.com/4udiwe/musicshop/internal/service/genres/service.go:27.49,29.4 1 1
github.com/4udiwe/musicshop/internal/service/genres/service.go:30.3,30.33 1 1
github.com/4udiwe/musicshop/internal/service/genres/service.go:32.2,32.16 1 1
github.com/4udiwe/musicshop/internal/service/genres/service.go:35.83,37.16 2 1
github.com/4udiwe/musicshop/internal/service/genres/service.go:37.16,39.3 1 1
github.com/4udiwe/musicshop/internal/service/genres/service.go:40.2,40.20 1 1
github.com/4udiwe/musicshop/internal/service/genres/service.go:43.73,45.16 2 1
github.com/4udiwe/musicshop/internal/service/genres/service.go:45.16,46.44 1 1
github.com/4udiwe/musicshop/internal/service/genres/service.go:46.44,48.4 1 1
github.com/4udiwe/musicshop/internal/service/genres/service.go:49.3,49.30 1 1
github.com/4udiwe/musicshop/internal/service/genres/service.go:51.2,51.12 1 1
github.com/4udiwe/musicshop/internal/service/genres/service.go:54.92,56.16 2 1
github.com/4udiwe/musicshop/internal/service/genres/service.go:56.16,58.3 1 1
github.com/4udiwe/musicshop/internal/service/genres/service.go:59.2,59.12 1 1
